c:\users\eason\desktop\vsproject\loader\ldr\loader\x64\debug\vc143.pdb
c:\users\eason\desktop\vsproject\loader\ldr\loader\x64\debug\vc143.idb
c:\users\eason\desktop\vsproject\loader\ldr\loader\x64\debug\unhook.obj
c:\users\eason\desktop\vsproject\loader\ldr\loader\x64\debug\selfachive.obj
c:\users\eason\desktop\vsproject\loader\ldr\loader\x64\debug\rc4.obj
c:\users\eason\desktop\vsproject\loader\ldr\loader\x64\debug\antivirtual.obj
c:\users\eason\desktop\vsproject\loader\ldr\loader\x64\debug\ldr.obj
c:\users\eason\desktop\vsproject\loader\ldr\loader\x64\debug\crc32.obj
c:\users\eason\desktop\vsproject\loader\ldr\x64\debug\ldr.exe
c:\users\eason\desktop\vsproject\loader\ldr\x64\debug\ldr.pdb
c:\users\eason\desktop\vsproject\loader\ldr\loader\x64\debug\ldr.ilk
d:\evasion\github\cenldr\ldr\ldr\loader\x64\debug\antivirtual.obj
d:\evasion\github\cenldr\ldr\ldr\loader\x64\debug\crc32.obj
d:\evasion\github\cenldr\ldr\ldr\loader\x64\debug\ldr.obj
d:\evasion\github\cenldr\ldr\ldr\loader\x64\debug\rc4.obj
d:\evasion\github\cenldr\ldr\ldr\loader\x64\debug\selfachive.obj
d:\evasion\github\cenldr\ldr\ldr\loader\x64\debug\unhook.obj
d:\evasion\github\cenldr\ldr\ldr\loader\x64\debug\ldr.ilk
d:\evasion\github\cenldr\ldr\ldr\loader\x64\debug\vc143.idb
d:\evasion\github\cenldr\ldr\ldr\loader\x64\debug\vc143.pdb
d:\evasion\github\cenldr\ldr\ldr\loader\x64\debug\ldr.tlog\cl.command.1.tlog
d:\evasion\github\cenldr\ldr\ldr\loader\x64\debug\ldr.tlog\cl.items.tlog
d:\evasion\github\cenldr\ldr\ldr\loader\x64\debug\ldr.tlog\cl.read.1.tlog
d:\evasion\github\cenldr\ldr\ldr\loader\x64\debug\ldr.tlog\cl.write.1.tlog
d:\evasion\github\cenldr\ldr\ldr\loader\x64\debug\ldr.tlog\link.command.1.tlog
d:\evasion\github\cenldr\ldr\ldr\loader\x64\debug\ldr.tlog\link.read.1.tlog
d:\evasion\github\cenldr\ldr\ldr\loader\x64\debug\ldr.tlog\link.secondary.1.tlog
d:\evasion\github\cenldr\ldr\ldr\loader\x64\debug\ldr.tlog\link.write.1.tlog
