d:\evasion\github\ldr\ldr\ldr\hasher\x64\release\vc143.pdb
d:\evasion\github\ldr\ldr\ldr\hasher\x64\release\crc32.obj
d:\evasion\github\ldr\ldr\ldr\hasher\x64\release\hasher.obj
d:\evasion\github\ldr\ldr\ldr\x64\release\hasher.exe
d:\evasion\github\ldr\ldr\ldr\x64\release\hasher.pdb
d:\evasion\github\ldr\ldr\ldr\hasher\x64\release\hasher.ipdb
d:\evasion\github\ldr\ldr\ldr\hasher\x64\release\hasher.iobj
d:\evasion\github\cenldr\ldr\ldr\hasher\x64\release\crc32.obj
d:\evasion\github\cenldr\ldr\ldr\hasher\x64\release\hasher.obj
d:\evasion\github\cenldr\ldr\ldr\hasher\x64\release\hasher.ipdb
d:\evasion\github\cenldr\ldr\ldr\hasher\x64\release\hasher.iobj
d:\evasion\github\cenldr\ldr\ldr\hasher\x64\release\vc143.pdb
d:\evasion\github\cenldr\ldr\ldr\x64\release\hasher.pdb
d:\evasion\github\cenldr\ldr\ldr\x64\release\hasher.exe
d:\evasion\github\cenldr\ldr\ldr\hasher\x64\release\hasher.tlog\cl.command.1.tlog
d:\evasion\github\cenldr\ldr\ldr\hasher\x64\release\hasher.tlog\cl.items.tlog
d:\evasion\github\cenldr\ldr\ldr\hasher\x64\release\hasher.tlog\cl.read.1.tlog
d:\evasion\github\cenldr\ldr\ldr\hasher\x64\release\hasher.tlog\cl.write.1.tlog
d:\evasion\github\cenldr\ldr\ldr\hasher\x64\release\hasher.tlog\link.command.1.tlog
d:\evasion\github\cenldr\ldr\ldr\hasher\x64\release\hasher.tlog\link.read.1.tlog
d:\evasion\github\cenldr\ldr\ldr\hasher\x64\release\hasher.tlog\link.secondary.1.tlog
d:\evasion\github\cenldr\ldr\ldr\hasher\x64\release\hasher.tlog\link.write.1.tlog
