d:\evasion\github\ldr\ldr\ldr\loader\x64\release\vc143.pdb
d:\evasion\github\ldr\ldr\ldr\loader\x64\release\unhook.obj
d:\evasion\github\ldr\ldr\ldr\loader\x64\release\selfachive.obj
d:\evasion\github\ldr\ldr\ldr\loader\x64\release\rc4.obj
d:\evasion\github\ldr\ldr\ldr\loader\x64\release\antivirtual.obj
d:\evasion\github\ldr\ldr\ldr\loader\x64\release\ldr.obj
d:\evasion\github\ldr\ldr\ldr\loader\x64\release\crc32.obj
d:\evasion\github\ldr\ldr\ldr\x64\release\ldr.dll
d:\evasion\github\ldr\ldr\ldr\x64\release\ldr.lib
d:\evasion\github\ldr\ldr\ldr\x64\release\ldr.exp
d:\evasion\github\ldr\ldr\ldr\loader\x64\release\ldr.ipdb
d:\evasion\github\ldr\ldr\ldr\loader\x64\release\ldr.iobj
d:\evasion\github\cenldr\ldr\ldr\loader\x64\release\antivirtual.obj
d:\evasion\github\cenldr\ldr\ldr\loader\x64\release\crc32.obj
d:\evasion\github\cenldr\ldr\ldr\loader\x64\release\ldr.obj
d:\evasion\github\cenldr\ldr\ldr\loader\x64\release\rc4.obj
d:\evasion\github\cenldr\ldr\ldr\loader\x64\release\selfachive.obj
d:\evasion\github\cenldr\ldr\ldr\loader\x64\release\unhook.obj
d:\evasion\github\cenldr\ldr\ldr\loader\x64\release\ldr.ipdb
d:\evasion\github\cenldr\ldr\ldr\loader\x64\release\ldr.iobj
d:\evasion\github\cenldr\ldr\ldr\loader\x64\release\vc143.pdb
d:\evasion\github\cenldr\ldr\ldr\x64\release\ldr.dll
d:\evasion\github\cenldr\ldr\ldr\loader\x64\release\ldr.tlog\cl.command.1.tlog
d:\evasion\github\cenldr\ldr\ldr\loader\x64\release\ldr.tlog\cl.items.tlog
d:\evasion\github\cenldr\ldr\ldr\loader\x64\release\ldr.tlog\cl.read.1.tlog
d:\evasion\github\cenldr\ldr\ldr\loader\x64\release\ldr.tlog\cl.write.1.tlog
d:\evasion\github\cenldr\ldr\ldr\loader\x64\release\ldr.tlog\link.command.1.tlog
d:\evasion\github\cenldr\ldr\ldr\loader\x64\release\ldr.tlog\link.read.1.tlog
d:\evasion\github\cenldr\ldr\ldr\loader\x64\release\ldr.tlog\link.secondary.1.tlog
d:\evasion\github\cenldr\ldr\ldr\loader\x64\release\ldr.tlog\link.write.1.tlog
