c:\users\eason\desktop\vsproject\loader\ldr\hasher\x64\debug\vc143.pdb
c:\users\eason\desktop\vsproject\loader\ldr\hasher\x64\debug\vc143.idb
c:\users\eason\desktop\vsproject\loader\ldr\hasher\x64\debug\crc32.obj
c:\users\eason\desktop\vsproject\loader\ldr\hasher\x64\debug\hasher.obj
c:\users\eason\desktop\vsproject\loader\ldr\x64\debug\hasher.exe
c:\users\eason\desktop\vsproject\loader\ldr\x64\debug\hasher.pdb
c:\users\eason\desktop\vsproject\loader\ldr\hasher\x64\debug\hasher.ilk
d:\evasion\github\cenldr\ldr\ldr\hasher\x64\debug\crc32.obj
d:\evasion\github\cenldr\ldr\ldr\hasher\x64\debug\hasher.obj
d:\evasion\github\cenldr\ldr\ldr\hasher\x64\debug\hasher.ilk
d:\evasion\github\cenldr\ldr\ldr\hasher\x64\debug\vc143.idb
d:\evasion\github\cenldr\ldr\ldr\hasher\x64\debug\vc143.pdb
d:\evasion\github\cenldr\ldr\ldr\hasher\x64\debug\hasher.tlog\cl.command.1.tlog
d:\evasion\github\cenldr\ldr\ldr\hasher\x64\debug\hasher.tlog\cl.items.tlog
d:\evasion\github\cenldr\ldr\ldr\hasher\x64\debug\hasher.tlog\cl.read.1.tlog
d:\evasion\github\cenldr\ldr\ldr\hasher\x64\debug\hasher.tlog\cl.write.1.tlog
d:\evasion\github\cenldr\ldr\ldr\hasher\x64\debug\hasher.tlog\link.command.1.tlog
d:\evasion\github\cenldr\ldr\ldr\hasher\x64\debug\hasher.tlog\link.read.1.tlog
d:\evasion\github\cenldr\ldr\ldr\hasher\x64\debug\hasher.tlog\link.secondary.1.tlog
d:\evasion\github\cenldr\ldr\ldr\hasher\x64\debug\hasher.tlog\link.write.1.tlog
